<?xml version="1.0" encoding="UTF-8"?>
<!-- Generated by org.testng.reporters.JUnitReportReporter -->
<testsuite hostname="DESKTOP-TNIL84B" failures="2" tests="8" name="phase2lmsapihackathon.runner.EndtoEndRunner" time="10.092" errors="0" timestamp="2024-04-01T19:49:05 GMT-04:00" skipped="0">
  <testcase classname="phase2lmsapihackathon.runner.EndtoEndRunner" name="runScenario" time="1.544"/>
  <testcase classname="phase2lmsapihackathon.runner.EndtoEndRunner" name="runScenario" time="5.214"/>
  <testcase classname="phase2lmsapihackathon.runner.EndtoEndRunner" name="runScenario" time="0.411">
    <failure message="1 expectation failed.
Expected status code &lt;200&gt; but was &lt;500&gt;.

On fail message: Actual message: io.restassured.internal.RestAssuredResponseImpl@65b69ccb" type="java.lang.AssertionError">
      <![CDATA[java.lang.AssertionError: 1 expectation failed.
Expected status code <200> but was <500>.

On fail message: Actual message: io.restassured.internal.RestAssuredResponseImpl@65b69ccb
at java.base/jdk.internal.reflect.NativeConstructorAccessorImpl.newInstance0(Native Method)
at java.base/jdk.internal.reflect.NativeConstructorAccessorImpl.newInstance(NativeConstructorAccessorImpl.java:77)
at java.base/jdk.internal.reflect.DelegatingConstructorAccessorImpl.newInstance(DelegatingConstructorAccessorImpl.java:45)
at java.base/java.lang.reflect.Constructor.newInstanceWithCaller(Constructor.java:499)
at java.base/java.lang.reflect.Constructor.newInstance(Constructor.java:480)
at org.codehaus.groovy.reflection.CachedConstructor.invoke(CachedConstructor.java:73)
at org.codehaus.groovy.runtime.callsite.ConstructorSite$ConstructorSiteNoUnwrapNoCoerce.callConstructor(ConstructorSite.java:108)
at org.codehaus.groovy.runtime.callsite.CallSiteArray.defaultCallConstructor(CallSiteArray.java:57)
at org.codehaus.groovy.runtime.callsite.AbstractCallSite.callConstructor(AbstractCallSite.java:263)
at org.codehaus.groovy.runtime.callsite.AbstractCallSite.callConstructor(AbstractCallSite.java:277)
at io.restassured.internal.ResponseSpecificationImpl$HamcrestAssertionClosure.validate(ResponseSpecificationImpl.groovy:512)
at io.restassured.internal.ResponseSpecificationImpl$HamcrestAssertionClosure$validate$1.call(Unknown Source)
at io.restassured.internal.ResponseSpecificationImpl.validateResponseIfRequired(ResponseSpecificationImpl.groovy:696)
at io.restassured.internal.ResponseSpecificationImpl.this$2$validateResponseIfRequired(ResponseSpecificationImpl.groovy)
at java.base/jdk.internal.reflect.NativeMethodAccessorImpl.invoke0(Native Method)
at java.base/jdk.internal.reflect.NativeMethodAccessorImpl.invoke(NativeMethodAccessorImpl.java:77)
at java.base/jdk.internal.reflect.DelegatingMethodAccessorImpl.invoke(DelegatingMethodAccessorImpl.java:43)
at java.base/java.lang.reflect.Method.invoke(Method.java:568)
at org.codehaus.groovy.runtime.callsite.PlainObjectMetaMethodSite.doInvoke(PlainObjectMetaMethodSite.java:43)
at org.codehaus.groovy.runtime.callsite.PogoMetaMethodSite$PogoCachedMethodSiteNoUnwrapNoCoerce.invoke(PogoMetaMethodSite.java:198)
at org.codehaus.groovy.runtime.callsite.PogoMetaMethodSite.callCurrent(PogoMetaMethodSite.java:62)
at org.codehaus.groovy.runtime.callsite.AbstractCallSite.callCurrent(AbstractCallSite.java:185)
at io.restassured.internal.ResponseSpecificationImpl.statusCode(ResponseSpecificationImpl.groovy:135)
at io.restassured.specification.ResponseSpecification$statusCode$0.callCurrent(Unknown Source)
at io.restassured.internal.ResponseSpecificationImpl.statusCode(ResponseSpecificationImpl.groovy:143)
at io.restassured.internal.ValidatableResponseOptionsImpl.statusCode(ValidatableResponseOptionsImpl.java:89)
at phase2lmsapihackathon.steps.PutUserRequestStep.validate_response(PutUserRequestStep.java:231)
at phase2lmsapihackathon.steps.PutUserRequestStep.user_sends_scenarios_for_login_status_reads_data_from_excel(PutUserRequestStep.java:186)
at ✽.User sends "updateuserlogin" scenarios "PUTUpdateLoginStatus" for loginStatus reads data from excel "PutUserLogin"(file:///C:/eclipse/eclipse-workspace/NumpyNinja-APITest/phase2lmsapihackathon/src/test/resources/features/endtoend/usermodule.feature:43)
]]>
    </failure>
  </testcase> <!-- runScenario -->
  <testcase classname="phase2lmsapihackathon.runner.EndtoEndRunner" name="runScenario" time="0.451"/>
  <testcase classname="phase2lmsapihackathon.runner.EndtoEndRunner" name="runScenario" time="0.938"/>
  <testcase classname="phase2lmsapihackathon.runner.EndtoEndRunner" name="runScenario" time="0.347">
    <failure message="1 expectation failed.
Expected status code &lt;200&gt; but was &lt;400&gt;.

On fail message: Actual message: io.restassured.internal.RestAssuredResponseImpl@36696821" type="java.lang.AssertionError">
      <![CDATA[java.lang.AssertionError: 1 expectation failed.
Expected status code <200> but was <400>.

On fail message: Actual message: io.restassured.internal.RestAssuredResponseImpl@36696821
at java.base/jdk.internal.reflect.NativeConstructorAccessorImpl.newInstance0(Native Method)
at java.base/jdk.internal.reflect.NativeConstructorAccessorImpl.newInstance(NativeConstructorAccessorImpl.java:77)
at java.base/jdk.internal.reflect.DelegatingConstructorAccessorImpl.newInstance(DelegatingConstructorAccessorImpl.java:45)
at java.base/java.lang.reflect.Constructor.newInstanceWithCaller(Constructor.java:499)
at java.base/java.lang.reflect.Constructor.newInstance(Constructor.java:480)
at org.codehaus.groovy.reflection.CachedConstructor.invoke(CachedConstructor.java:73)
at org.codehaus.groovy.runtime.callsite.ConstructorSite$ConstructorSiteNoUnwrapNoCoerce.callConstructor(ConstructorSite.java:108)
at org.codehaus.groovy.runtime.callsite.AbstractCallSite.callConstructor(AbstractCallSite.java:277)
at io.restassured.internal.ResponseSpecificationImpl$HamcrestAssertionClosure.validate(ResponseSpecificationImpl.groovy:512)
at io.restassured.internal.ResponseSpecificationImpl$HamcrestAssertionClosure$validate$1.call(Unknown Source)
at io.restassured.internal.ResponseSpecificationImpl.validateResponseIfRequired(ResponseSpecificationImpl.groovy:696)
at io.restassured.internal.ResponseSpecificationImpl.this$2$validateResponseIfRequired(ResponseSpecificationImpl.groovy)
at java.base/jdk.internal.reflect.NativeMethodAccessorImpl.invoke0(Native Method)
at java.base/jdk.internal.reflect.NativeMethodAccessorImpl.invoke(NativeMethodAccessorImpl.java:77)
at java.base/jdk.internal.reflect.DelegatingMethodAccessorImpl.invoke(DelegatingMethodAccessorImpl.java:43)
at java.base/java.lang.reflect.Method.invoke(Method.java:568)
at org.codehaus.groovy.runtime.callsite.PlainObjectMetaMethodSite.doInvoke(PlainObjectMetaMethodSite.java:43)
at org.codehaus.groovy.runtime.callsite.PogoMetaMethodSite$PogoCachedMethodSiteNoUnwrapNoCoerce.invoke(PogoMetaMethodSite.java:198)
at org.codehaus.groovy.runtime.callsite.PogoMetaMethodSite.callCurrent(PogoMetaMethodSite.java:62)
at org.codehaus.groovy.runtime.callsite.AbstractCallSite.callCurrent(AbstractCallSite.java:185)
at io.restassured.internal.ResponseSpecificationImpl.statusCode(ResponseSpecificationImpl.groovy:135)
at io.restassured.specification.ResponseSpecification$statusCode$0.callCurrent(Unknown Source)
at io.restassured.internal.ResponseSpecificationImpl.statusCode(ResponseSpecificationImpl.groovy:143)
at io.restassured.internal.ValidatableResponseOptionsImpl.statusCode(ValidatableResponseOptionsImpl.java:89)
at phase2lmsapihackathon.steps.PutUserRequestStep.validate_response(PutUserRequestStep.java:231)
at phase2lmsapihackathon.steps.PutUserRequestStep.user_sends_scenarios_for_program_batch_status_reads_data_from_excel(PutUserRequestStep.java:213)
at ✽.User sends "updateuserprogrambatch" scenarios "PUTUpdateRoleProgramBatch" for programBatchStatus reads data from excel "UserRoleProgramBatchStatus"(file:///C:/eclipse/eclipse-workspace/NumpyNinja-APITest/phase2lmsapihackathon/src/test/resources/features/endtoend/usermodule.feature:49)
]]>
    </failure>
  </testcase> <!-- runScenario -->
  <testcase classname="phase2lmsapihackathon.runner.EndtoEndRunner" name="runScenario" time="0.947"/>
  <testcase classname="phase2lmsapihackathon.runner.EndtoEndRunner" name="runScenario" time="0.240"/>
</testsuite> <!-- phase2lmsapihackathon.runner.EndtoEndRunner -->
